--- Training Log Start ---

--- Episode 1 Finished ---
> Episode finished with 0 steps.
> Mean step time:0.0
> Mean calc per step time: 0.0
> Rewards components:
> velocity: 0.0 
> trajectory: 0.0 
> progress: 0.0 
> collision: 0.0 
> timeout: 0.0 
> destin: 0.0 
-----------------------------------

--- Episode 2 Finished ---
> Episode finished with 1 steps.
> Mean step time:0.07618474960327148
> Mean calc per step time: 0.0010617971420288086
> Rewards components:
> velocity: 0.005582749377936125 
> trajectory: -0.00034946907544508576 
> progress: 0.0 
> collision: 0.0 
> timeout: 0.0 
> destin: 0.0 
-----------------------------------
--- Training Log Start ---

--- Episode 1 Finished ---
> Episode finished with 114 steps.
> Mean step time:0.11002551576365595
> Mean calc per step time: 0.032512936384781546
> Rewards components:
> velocity: 2.5058414936065674 
> trajectory: -0.17517124116420746 
> progress: 1.4150460958480835 
> collision: -100.0 
> timeout: 0.0 
> destin: 0.0 
-----------------------------------

--- Episode 2 Finished ---
> Episode finished with 103 steps.
> Mean step time:0.11976411709418663
> Mean calc per step time: 0.026372969150543213
> Rewards components:
> velocity: 2.7359776496887207 
> trajectory: -0.04941995441913605 
> progress: 4.245137691497803 
> collision: -100.0 
> timeout: 0.0 
> destin: 0.0 
-----------------------------------

--- Episode 3 Finished ---
> Episode finished with 698 steps.
> Mean step time:0.1148879712231681
> Mean calc per step time: 0.02560378587638189
> Rewards components:
> velocity: 11.350266456604004 
> trajectory: -1.4571808576583862 
> progress: 12.3816556930542 
> collision: -100.0 
> timeout: 0.0 
> destin: 0.0 
-----------------------------------

--- Episode 4 Finished ---
> Episode finished with 85 steps.
> Mean step time:0.11132834401241569
> Mean calc per step time: 0.026472671087398085
> Rewards components:
> velocity: 1.312558889389038 
> trajectory: -0.037366461008787155 
> progress: 1.7688076496124268 
> collision: 0.0 
> timeout: 0.0 
> destin: 0.0 
-----------------------------------

--- Episode 5 Finished ---
> Episode finished with 1800 steps.
> Mean step time:0.11430451884526534
> Mean calc per step time: 0.021109275987319057
> Rewards components:
> velocity: 0.1581716239452362 
> trajectory: -0.8387539386749268 
> progress: 0.3537615239620209 
> collision: 0.0 
> timeout: -100.0 
> destin: 0.0 
-----------------------------------

--- Episode 6 Finished ---
> Episode finished with 0 steps.
> Mean step time:0.0
> Mean calc per step time: 0.0
> Rewards components:
> velocity: 0.0 
> trajectory: 0.0 
> progress: 0.0 
> collision: 0.0 
> timeout: 0.0 
> destin: 0.0 
-----------------------------------

--- Episode 7 Finished ---
> Episode finished with 1800 steps.
> Mean step time:0.12194993957951623
> Mean calc per step time: 0.021814983861437112
> Rewards components:
> velocity: 0.14819219708442688 
> trajectory: -0.5531057119369507 
> progress: 0.0 
> collision: 0.0 
> timeout: -100.0 
> destin: 0.0 
-----------------------------------

--- Episode 8 Finished ---
> Episode finished with 0 steps.
> Mean step time:0.0
> Mean calc per step time: 0.0
> Rewards components:
> velocity: 0.0 
> trajectory: 0.0 
> progress: 0.0 
> collision: 0.0 
> timeout: 0.0 
> destin: 0.0 
-----------------------------------

--- Episode 9 Finished ---
> Episode finished with 1800 steps.
> Mean step time:0.11583285024601642
> Mean calc per step time: 0.021617475183456226
> Rewards components:
> velocity: 0.14560569822788239 
> trajectory: -0.5528636574745178 
> progress: 0.0 
> collision: 0.0 
> timeout: -100.0 
> destin: 0.0 
-----------------------------------

--- Episode 10 Finished ---
> Episode finished with 0 steps.
> Mean step time:0.0
> Mean calc per step time: 0.0
> Rewards components:
> velocity: 0.0 
> trajectory: 0.0 
> progress: 0.0 
> collision: 0.0 
> timeout: 0.0 
> destin: 0.0 
-----------------------------------

--- Episode 11 Finished ---
> Episode finished with 67 steps.
> Mean step time:0.13033947523902445
> Mean calc per step time: 0.19005922710194306
> Rewards components:
> velocity: 0.8066468834877014 
> trajectory: -0.03057284653186798 
> progress: 0.3537615239620209 
> collision: -100.0 
> timeout: 0.0 
> destin: 0.0 
-----------------------------------

--- Episode 12 Finished ---
> Episode finished with 273 steps.
> Mean step time:0.115565243428641
> Mean calc per step time: 0.027928682139320093
> Rewards components:
> velocity: 3.6331567764282227 
> trajectory: -0.5626166462898254 
> progress: 3.1838533878326416 
> collision: -100.0 
> timeout: 0.0 
> destin: 0.0 
-----------------------------------

--- Episode 13 Finished ---
> Episode finished with 152 steps.
> Mean step time:0.11551444670733284
> Mean calc per step time: 0.03224670964907977
> Rewards components:
> velocity: 4.004580974578857 
> trajectory: -0.3826245069503784 
> progress: 3.5376148223876953 
> collision: -100.0 
> timeout: 0.0 
> destin: 0.0 
-----------------------------------

--- Episode 14 Finished ---
> Episode finished with 87 steps.
> Mean step time:0.11280370300466364
> Mean calc per step time: 0.026030209931460293
> Rewards components:
> velocity: 0.7056329846382141 
> trajectory: -0.046040259301662445 
> progress: 0.3537615239620209 
> collision: -100.0 
> timeout: 0.0 
> destin: 0.0 
-----------------------------------

--- Episode 15 Finished ---
> Episode finished with 170 steps.
> Mean step time:0.11503695186815764
> Mean calc per step time: 0.03182853313914517
> Rewards components:
> velocity: 2.6527132987976074 
> trajectory: -0.07470087707042694 
> progress: 2.830091953277588 
> collision: -100.0 
> timeout: 0.0 
> destin: 0.0 
-----------------------------------

--- Episode 16 Finished ---
> Episode finished with 133 steps.
> Mean step time:0.11727648706578497
> Mean calc per step time: 0.029517839204019576
> Rewards components:
> velocity: 1.4515036344528198 
> trajectory: -0.06559313088655472 
> progress: 1.7688076496124268 
> collision: -100.0 
> timeout: 0.0 
> destin: 0.0 
-----------------------------------

--- Episode 17 Finished ---
> Episode finished with 118 steps.
> Mean step time:0.11072601590837751
> Mean calc per step time: 0.025561595163425477
> Rewards components:
> velocity: 2.1698622703552246 
> trajectory: -0.05051964148879051 
> progress: 3.1838533878326416 
> collision: 0.0 
> timeout: 0.0 
> destin: 0.0 
-----------------------------------

--- Episode 18 Finished ---
> Episode finished with 1800 steps.
> Mean step time:0.11484540667155264
> Mean calc per step time: 0.020788624047041602
> Rewards components:
> velocity: 0.049291618168354034 
> trajectory: -0.6677456498146057 
> progress: 0.0 
> collision: 0.0 
> timeout: -100.0 
> destin: 0.0 
-----------------------------------

--- Episode 19 Finished ---
> Episode finished with 0 steps.
> Mean step time:0.0
> Mean calc per step time: 0.0
> Rewards components:
> velocity: 0.0 
> trajectory: 0.0 
> progress: 0.0 
> collision: 0.0 
> timeout: 0.0 
> destin: 0.0 
-----------------------------------

--- Episode 20 Finished ---
> Episode finished with 1800 steps.
> Mean step time:0.12329028461589739
> Mean calc per step time: 0.02145624319624067
> Rewards components:
> velocity: 0.062448784708976746 
> trajectory: -0.6619678139686584 
> progress: 0.0 
> collision: 0.0 
> timeout: -100.0 
> destin: 0.0 
-----------------------------------

--- Episode 21 Finished ---
> Episode finished with 0 steps.
> Mean step time:0.0
> Mean calc per step time: 0.0
> Rewards components:
> velocity: 0.0 
> trajectory: 0.0 
> progress: 0.0 
> collision: 0.0 
> timeout: 0.0 
> destin: 0.0 
-----------------------------------

--- Episode 22 Finished ---
> Episode finished with 1800 steps.
> Mean step time:0.11390971078401403
> Mean calc per step time: 0.02213867540693098
> Rewards components:
> velocity: 0.004238239023834467 
> trajectory: -0.6369964480400085 
> progress: 0.0 
> collision: 0.0 
> timeout: -100.0 
> destin: 0.0 
-----------------------------------

--- Episode 23 Finished ---
> Episode finished with 0 steps.
> Mean step time:0.0
> Mean calc per step time: 0.0
> Rewards components:
> velocity: 0.0 
> trajectory: 0.0 
> progress: 0.0 
> collision: 0.0 
> timeout: 0.0 
> destin: 0.0 
-----------------------------------

--- Episode 24 Finished ---
> Episode finished with 121 steps.
> Mean step time:0.1300515561807351
> Mean calc per step time: 0.11319835655024794
> Rewards components:
> velocity: 1.9363093376159668 
> trajectory: -0.06984627991914749 
> progress: 1.0612845420837402 
> collision: -100.0 
> timeout: 0.0 
> destin: 0.0 
-----------------------------------

--- Episode 25 Finished ---
> Episode finished with 76 steps.
> Mean step time:0.1104459236194561
> Mean calc per step time: 0.025172691840630073
> Rewards components:
> velocity: 0.8122268319129944 
> trajectory: -0.03847517818212509 
> progress: 1.0612845420837402 
> collision: -100.0 
> timeout: 0.0 
> destin: 0.0 
-----------------------------------

--- Episode 26 Finished ---
> Episode finished with 497 steps.
> Mean step time:0.11845472155804615
> Mean calc per step time: 0.02955094590244523
> Rewards components:
> velocity: 6.2844672203063965 
> trajectory: -0.8042240738868713 
> progress: 8.844038963317871 
> collision: -100.0 
> timeout: 0.0 
> destin: 0.0 
-----------------------------------

--- Episode 27 Finished ---
> Episode finished with 306 steps.
> Mean step time:0.11620554318257185
> Mean calc per step time: 0.02558822119274823
> Rewards components:
> velocity: 5.7770514488220215 
> trajectory: -0.27467620372772217 
> progress: 8.844038963317871 
> collision: 0.0 
> timeout: 0.0 
> destin: 0.0 
-----------------------------------
